<?xml version="1.0" encoding="UTF-8"?>
<robot generator="Rebot 7.1.1 (Python 3.13.1 on win32)" generated="2025-01-23T13:46:09.911984" rpa="false" schemaversion="5">
<suite id="s1" name="TagsDemo" source="C:\Users\Hima Bindu-2574\PycharmProjects\Hima\TagsDemo">
<suite id="s1-s1" name="TC01 tags" source="C:\Users\Hima Bindu-2574\PycharmProjects\Hima\TagsDemo\TC01_tags.robot">
<test id="s1-s1-t1" name="TC01" line="2">
<kw name="Log To Console" owner="BuiltIn">
<arg>Loggin application</arg>
<doc>Logs the given message to the console.</doc>
<status status="PASS" start="2025-01-23T13:46:09.681160" elapsed="0.000338"/>
</kw>
<tag>Sanity</tag>
<status status="PASS" start="2025-01-23T13:46:09.680417" elapsed="0.001257"/>
</test>
<test id="s1-s1-t2" name="TC02" line="6">
<kw name="Log To Console" owner="BuiltIn">
<arg>Logout application</arg>
<doc>Logs the given message to the console.</doc>
<status status="PASS" start="2025-01-23T13:46:09.682463" elapsed="0.000309"/>
</kw>
<tag>Regression</tag>
<status status="PASS" start="2025-01-23T13:46:09.681941" elapsed="0.000975"/>
</test>
<test id="s1-s1-t3" name="TC03" line="10">
<kw name="Log To Console" owner="BuiltIn">
<arg>Add user application</arg>
<doc>Logs the given message to the console.</doc>
<status status="PASS" start="2025-01-23T13:46:09.683394" elapsed="0.000220"/>
</kw>
<tag>smoke</tag>
<status status="PASS" start="2025-01-23T13:46:09.683133" elapsed="0.000598"/>
</test>
<status status="PASS" start="2025-01-23T13:46:09.678000" elapsed="0.003000"/>
</suite>
<suite id="s1-s2" name="TC02 tagsDemo" source="C:\Users\Hima Bindu-2574\PycharmProjects\Hima\TagsDemo\TC02_tagsDemo.robot">
<test id="s1-s2-t1" name="TC04" line="2">
<kw name="Log To Console" owner="BuiltIn">
<arg>Payment</arg>
<doc>Logs the given message to the console.</doc>
<status status="PASS" start="2025-01-23T13:46:09.681534" elapsed="0.000318"/>
</kw>
<tag>Sanity</tag>
<status status="PASS" start="2025-01-23T13:46:09.680776" elapsed="0.001246"/>
</test>
<test id="s1-s2-t2" name="TC05" line="6">
<kw name="Log To Console" owner="BuiltIn">
<arg>OTP</arg>
<doc>Logs the given message to the console.</doc>
<status status="PASS" start="2025-01-23T13:46:09.682822" elapsed="0.000269"/>
</kw>
<tag>Regression</tag>
<status status="PASS" start="2025-01-23T13:46:09.682326" elapsed="0.000906"/>
</test>
<test id="s1-s2-t3" name="TC06" line="10">
<kw name="Log To Console" owner="BuiltIn">
<arg>Summery</arg>
<doc>Logs the given message to the console.</doc>
<status status="PASS" start="2025-01-23T13:46:09.683714" elapsed="0.000212"/>
</kw>
<tag>Smoke</tag>
<status status="PASS" start="2025-01-23T13:46:09.683452" elapsed="0.000591"/>
</test>
<status status="PASS" start="2025-01-23T13:46:09.679121" elapsed="0.005275"/>
</suite>
<doc>[https://pabot.org/?ref=log|Pabot] result from 2 executions.</doc>
<status status="PASS" start="2025-01-23T13:46:09.656000" elapsed="0.028000"/>
</suite>
<statistics>
<total>
<stat pass="6" fail="0" skip="0">All Tests</stat>
</total>
<tag>
<stat pass="2" fail="0" skip="0">Regression</stat>
<stat pass="2" fail="0" skip="0">Sanity</stat>
<stat pass="2" fail="0" skip="0">smoke</stat>
</tag>
<suite>
<stat pass="6" fail="0" skip="0" id="s1" name="TagsDemo">TagsDemo</stat>
<stat pass="3" fail="0" skip="0" id="s1-s1" name="TC01 tags">TagsDemo.TC01 tags</stat>
<stat pass="3" fail="0" skip="0" id="s1-s2" name="TC02 tagsDemo">TagsDemo.TC02 tagsDemo</stat>
</suite>
</statistics>
<errors>
</errors>
</robot>
